2016-12-14 13:13:25  [ main:204 ] - [ ERROR ]  Error initializing SparkContext.
org.apache.spark.SparkException: A master URL must be set in your configuration
	at org.apache.spark.SparkContext.<init>(SparkContext.scala:371)
	at org.apache.spark.api.java.JavaSparkContext.<init>(JavaSparkContext.scala:58)
	at com.sys.service.impl.PairsAppImpl.main(PairsAppImpl.java:98)
2016-12-14 13:15:48  [ main:1037 ] - [ ERROR ]  Sink class org.apache.spark.metrics.sink.MetricsServlet cannot be instantiated
2016-12-14 13:15:48  [ main:1038 ] - [ ERROR ]  Error initializing SparkContext.
java.lang.reflect.InvocationTargetException
	at sun.reflect.NativeConstructorAccessorImpl.newInstance0(Native Method)
	at sun.reflect.NativeConstructorAccessorImpl.newInstance(NativeConstructorAccessorImpl.java:62)
	at sun.reflect.DelegatingConstructorAccessorImpl.newInstance(DelegatingConstructorAccessorImpl.java:45)
	at java.lang.reflect.Constructor.newInstance(Constructor.java:422)
	at org.apache.spark.metrics.MetricsSystem$$anonfun$registerSinks$1.apply(MetricsSystem.scala:193)
	at org.apache.spark.metrics.MetricsSystem$$anonfun$registerSinks$1.apply(MetricsSystem.scala:187)
	at scala.collection.mutable.HashMap$$anonfun$foreach$1.apply(HashMap.scala:99)
	at scala.collection.mutable.HashMap$$anonfun$foreach$1.apply(HashMap.scala:99)
	at scala.collection.mutable.HashTable$class.foreachEntry(HashTable.scala:230)
	at scala.collection.mutable.HashMap.foreachEntry(HashMap.scala:40)
	at scala.collection.mutable.HashMap.foreach(HashMap.scala:99)
	at org.apache.spark.metrics.MetricsSystem.registerSinks(MetricsSystem.scala:187)
	at org.apache.spark.metrics.MetricsSystem.start(MetricsSystem.scala:101)
	at org.apache.spark.SparkContext.<init>(SparkContext.scala:510)
	at org.apache.spark.api.java.JavaSparkContext.<init>(JavaSparkContext.scala:58)
	at com.sys.service.impl.PairsAppImpl.main(PairsAppImpl.java:98)
Caused by: java.lang.NoSuchMethodError: com.fasterxml.jackson.core.JsonFactory.requiresPropertyOrdering()Z
	at com.fasterxml.jackson.databind.ObjectMapper.<init>(ObjectMapper.java:537)
	at com.fasterxml.jackson.databind.ObjectMapper.<init>(ObjectMapper.java:448)
	at org.apache.spark.metrics.sink.MetricsServlet.<init>(MetricsServlet.scala:48)
	... 16 more
2016-12-14 13:16:31  [ main:1012 ] - [ ERROR ]  Sink class org.apache.spark.metrics.sink.MetricsServlet cannot be instantiated
2016-12-14 13:16:31  [ main:1013 ] - [ ERROR ]  Error initializing SparkContext.
java.lang.reflect.InvocationTargetException
	at sun.reflect.NativeConstructorAccessorImpl.newInstance0(Native Method)
	at sun.reflect.NativeConstructorAccessorImpl.newInstance(NativeConstructorAccessorImpl.java:62)
	at sun.reflect.DelegatingConstructorAccessorImpl.newInstance(DelegatingConstructorAccessorImpl.java:45)
	at java.lang.reflect.Constructor.newInstance(Constructor.java:422)
	at org.apache.spark.metrics.MetricsSystem$$anonfun$registerSinks$1.apply(MetricsSystem.scala:193)
	at org.apache.spark.metrics.MetricsSystem$$anonfun$registerSinks$1.apply(MetricsSystem.scala:187)
	at scala.collection.mutable.HashMap$$anonfun$foreach$1.apply(HashMap.scala:99)
	at scala.collection.mutable.HashMap$$anonfun$foreach$1.apply(HashMap.scala:99)
	at scala.collection.mutable.HashTable$class.foreachEntry(HashTable.scala:230)
	at scala.collection.mutable.HashMap.foreachEntry(HashMap.scala:40)
	at scala.collection.mutable.HashMap.foreach(HashMap.scala:99)
	at org.apache.spark.metrics.MetricsSystem.registerSinks(MetricsSystem.scala:187)
	at org.apache.spark.metrics.MetricsSystem.start(MetricsSystem.scala:101)
	at org.apache.spark.SparkContext.<init>(SparkContext.scala:510)
	at org.apache.spark.api.java.JavaSparkContext.<init>(JavaSparkContext.scala:58)
	at com.sys.service.impl.PairsApp.main(PairsApp.java:88)
Caused by: java.lang.NoSuchMethodError: com.fasterxml.jackson.core.JsonFactory.requiresPropertyOrdering()Z
	at com.fasterxml.jackson.databind.ObjectMapper.<init>(ObjectMapper.java:537)
	at com.fasterxml.jackson.databind.ObjectMapper.<init>(ObjectMapper.java:448)
	at org.apache.spark.metrics.sink.MetricsServlet.<init>(MetricsServlet.scala:48)
	... 16 more
